<?xml version="1.0" encoding="UTF-8"?>
<!-- Generated by org.testng.reporters.JUnitReportReporter -->
<testsuite hostname="kairosHW0454" failures="0" tests="1" name="com.project1.testcases.TestCase_1" time="9.491" errors="0" timestamp="2023-05-09T14:45:49 IST" skipped="0">
  <testcase classname="com.project1.testcases.TestCase_1" name="testCase_task" time="9.491"/>
  <system-out>
    <![CDATA[testCase_task => test script execution started
 SuccessfultestCase_task]]>
  </system-out>
</testsuite> <!-- com.project1.testcases.TestCase_1 -->
