<?xml version="1.0" encoding="UTF-8"?>
<!-- Generated by org.testng.reporters.JUnitReportReporter -->
<testsuite hostname="kairosHW0454" failures="0" tests="1" name="com.framework.baseclass.TestBase" time="4.673" errors="0" timestamp="2023-05-09T12:31:14 IST" skipped="0">
  <testcase classname="com.framework.baseclass.TestBase" name="closeBrowser" time="4.673"/>
  <system-out/>
</testsuite> <!-- com.framework.baseclass.TestBase -->
